Analysis & Synthesis report for boxingday
Mon Aug 26 00:53:16 2024
Quartus Prime Version 23.1std.0 Build 991 11/28/2023 SC Lite Edition


---------------------
; Table of Contents ;
---------------------
  1. Legal Notice
  2. Analysis & Synthesis Summary
  3. Analysis & Synthesis Settings
  4. Parallel Compilation
  5. Analysis & Synthesis Source Files Read
  6. Analysis & Synthesis Resource Usage Summary
  7. Analysis & Synthesis Resource Utilization by Entity
  8. General Register Statistics
  9. Post-Synthesis Netlist Statistics for Top Partition
 10. Elapsed Time Per Partition
 11. Analysis & Synthesis Messages



----------------
; Legal Notice ;
----------------
Copyright (C) 2023  Intel Corporation. All rights reserved.
Your use of Intel Corporation's design tools, logic functions 
and other software and tools, and any partner logic 
functions, and any output files from any of the foregoing 
(including device programming or simulation files), and any 
associated documentation or information are expressly subject 
to the terms and conditions of the Intel Program License 
Subscription Agreement, the Intel Quartus Prime License Agreement,
the Intel FPGA IP License Agreement, or other applicable license
agreement, including, without limitation, that your use is for
the sole purpose of programming logic devices manufactured by
Intel and sold by Intel or its authorized distributors.  Please
refer to the applicable agreement for further details, at
https://fpgasoftware.intel.com/eula.



+-------------------------------------------------------------------------------------+
; Analysis & Synthesis Summary                                                        ;
+------------------------------------+------------------------------------------------+
; Analysis & Synthesis Status        ; Successful - Mon Aug 26 00:53:16 2024          ;
; Quartus Prime Version              ; 23.1std.0 Build 991 11/28/2023 SC Lite Edition ;
; Revision Name                      ; boxingday                                      ;
; Top-level Entity Name              ; boxingday                                      ;
; Family                             ; MAX 10                                         ;
; Total logic elements               ; 32                                             ;
;     Total combinational functions  ; 32                                             ;
;     Dedicated logic registers      ; 22                                             ;
; Total registers                    ; 22                                             ;
; Total pins                         ; 45                                             ;
; Total virtual pins                 ; 0                                              ;
; Total memory bits                  ; 0                                              ;
; Embedded Multiplier 9-bit elements ; 0                                              ;
; Total PLLs                         ; 0                                              ;
; UFM blocks                         ; 0                                              ;
; ADC blocks                         ; 0                                              ;
+------------------------------------+------------------------------------------------+


+------------------------------------------------------------------------------------------------------------+
; Analysis & Synthesis Settings                                                                              ;
+------------------------------------------------------------------+--------------------+--------------------+
; Option                                                           ; Setting            ; Default Value      ;
+------------------------------------------------------------------+--------------------+--------------------+
; Device                                                           ; 10M50DAF484C6GES   ;                    ;
; Top-level entity name                                            ; boxingday          ; boxingday          ;
; Family name                                                      ; MAX 10             ; Cyclone V          ;
; Use smart compilation                                            ; Off                ; Off                ;
; Enable parallel Assembler and Timing Analyzer during compilation ; On                 ; On                 ;
; Enable compact report table                                      ; Off                ; Off                ;
; Restructure Multiplexers                                         ; Auto               ; Auto               ;
; Create Debugging Nodes for IP Cores                              ; Off                ; Off                ;
; Preserve fewer node names                                        ; On                 ; On                 ;
; Intel FPGA IP Evaluation Mode                                    ; Enable             ; Enable             ;
; Verilog Version                                                  ; Verilog_2001       ; Verilog_2001       ;
; VHDL Version                                                     ; VHDL_1993          ; VHDL_1993          ;
; State Machine Processing                                         ; Auto               ; Auto               ;
; Safe State Machine                                               ; Off                ; Off                ;
; Extract Verilog State Machines                                   ; On                 ; On                 ;
; Extract VHDL State Machines                                      ; On                 ; On                 ;
; Ignore Verilog initial constructs                                ; Off                ; Off                ;
; Iteration limit for constant Verilog loops                       ; 5000               ; 5000               ;
; Iteration limit for non-constant Verilog loops                   ; 250                ; 250                ;
; Add Pass-Through Logic to Inferred RAMs                          ; On                 ; On                 ;
; Infer RAMs from Raw Logic                                        ; On                 ; On                 ;
; Parallel Synthesis                                               ; On                 ; On                 ;
; DSP Block Balancing                                              ; Auto               ; Auto               ;
; NOT Gate Push-Back                                               ; On                 ; On                 ;
; Power-Up Don't Care                                              ; On                 ; On                 ;
; Remove Redundant Logic Cells                                     ; Off                ; Off                ;
; Remove Duplicate Registers                                       ; On                 ; On                 ;
; Ignore CARRY Buffers                                             ; Off                ; Off                ;
; Ignore CASCADE Buffers                                           ; Off                ; Off                ;
; Ignore GLOBAL Buffers                                            ; Off                ; Off                ;
; Ignore ROW GLOBAL Buffers                                        ; Off                ; Off                ;
; Ignore LCELL Buffers                                             ; Off                ; Off                ;
; Ignore SOFT Buffers                                              ; On                 ; On                 ;
; Limit AHDL Integers to 32 Bits                                   ; Off                ; Off                ;
; Optimization Technique                                           ; Balanced           ; Balanced           ;
; Carry Chain Length                                               ; 70                 ; 70                 ;
; Auto Carry Chains                                                ; On                 ; On                 ;
; Auto Open-Drain Pins                                             ; On                 ; On                 ;
; Perform WYSIWYG Primitive Resynthesis                            ; Off                ; Off                ;
; Auto ROM Replacement                                             ; On                 ; On                 ;
; Auto RAM Replacement                                             ; On                 ; On                 ;
; Auto DSP Block Replacement                                       ; On                 ; On                 ;
; Auto Shift Register Replacement                                  ; Auto               ; Auto               ;
; Allow Shift Register Merging across Hierarchies                  ; Auto               ; Auto               ;
; Auto Clock Enable Replacement                                    ; On                 ; On                 ;
; Strict RAM Replacement                                           ; Off                ; Off                ;
; Allow Synchronous Control Signals                                ; On                 ; On                 ;
; Force Use of Synchronous Clear Signals                           ; Off                ; Off                ;
; Auto RAM Block Balancing                                         ; On                 ; On                 ;
; Auto RAM to Logic Cell Conversion                                ; Off                ; Off                ;
; Auto Resource Sharing                                            ; Off                ; Off                ;
; Allow Any RAM Size For Recognition                               ; Off                ; Off                ;
; Allow Any ROM Size For Recognition                               ; Off                ; Off                ;
; Allow Any Shift Register Size For Recognition                    ; Off                ; Off                ;
; Use LogicLock Constraints during Resource Balancing              ; On                 ; On                 ;
; Ignore translate_off and synthesis_off directives                ; Off                ; Off                ;
; Timing-Driven Synthesis                                          ; On                 ; On                 ;
; Report Parameter Settings                                        ; On                 ; On                 ;
; Report Source Assignments                                        ; On                 ; On                 ;
; Report Connectivity Checks                                       ; On                 ; On                 ;
; Ignore Maximum Fan-Out Assignments                               ; Off                ; Off                ;
; Synchronization Register Chain Length                            ; 2                  ; 2                  ;
; Power Optimization During Synthesis                              ; Normal compilation ; Normal compilation ;
; HDL message level                                                ; Level2             ; Level2             ;
; Suppress Register Optimization Related Messages                  ; Off                ; Off                ;
; Number of Removed Registers Reported in Synthesis Report         ; 5000               ; 5000               ;
; Number of Swept Nodes Reported in Synthesis Report               ; 5000               ; 5000               ;
; Number of Inverted Registers Reported in Synthesis Report        ; 100                ; 100                ;
; Clock MUX Protection                                             ; On                 ; On                 ;
; Auto Gated Clock Conversion                                      ; Off                ; Off                ;
; Block Design Naming                                              ; Auto               ; Auto               ;
; SDC constraint protection                                        ; Off                ; Off                ;
; Synthesis Effort                                                 ; Auto               ; Auto               ;
; Shift Register Replacement - Allow Asynchronous Clear Signal     ; On                 ; On                 ;
; Pre-Mapping Resynthesis Optimization                             ; Off                ; Off                ;
; Analysis & Synthesis Message Level                               ; Medium             ; Medium             ;
; Disable Register Merging Across Hierarchies                      ; Auto               ; Auto               ;
; Resource Aware Inference For Block RAM                           ; On                 ; On                 ;
+------------------------------------------------------------------+--------------------+--------------------+


+------------------------------------------+
; Parallel Compilation                     ;
+----------------------------+-------------+
; Processors                 ; Number      ;
+----------------------------+-------------+
; Number detected on machine ; 20          ;
; Maximum allowed            ; 14          ;
;                            ;             ;
; Average used               ; 1.00        ;
; Maximum used               ; 14          ;
;                            ;             ;
; Usage by Processor         ; % Time Used ;
;     Processor 1            ; 100.0%      ;
;     Processors 2-14        ;   0.0%      ;
+----------------------------+-------------+


+-----------------------------------------------------------------------------------------------------------------------------------------------------------------------+
; Analysis & Synthesis Source Files Read                                                                                                                                ;
+----------------------------------+-----------------+------------------------------------+-------------------------------------------------------------------+---------+
; File Name with User-Entered Path ; Used in Netlist ; File Type                          ; File Name with Absolute Path                                      ; Library ;
+----------------------------------+-----------------+------------------------------------+-------------------------------------------------------------------+---------+
; freq1.v                          ; yes             ; User Verilog HDL File              ; /home/onm/intelFPGA_lite/23.1std/Whatsinthebox/freq1.v            ;         ;
; boxingday.bdf                    ; yes             ; User Block Diagram/Schematic File  ; /home/onm/intelFPGA_lite/23.1std/Whatsinthebox/boxingday.bdf      ;         ;
; pwmverilog.v                     ; yes             ; User Verilog HDL File              ; /home/onm/intelFPGA_lite/23.1std/Whatsinthebox/pwmverilog.v       ;         ;
; MUXverilog.v                     ; yes             ; User Verilog HDL File              ; /home/onm/intelFPGA_lite/23.1std/Whatsinthebox/MUXverilog.v       ;         ;
; sevensegmentdisp.v               ; yes             ; User Verilog HDL File              ; /home/onm/intelFPGA_lite/23.1std/Whatsinthebox/sevensegmentdisp.v ;         ;
+----------------------------------+-----------------+------------------------------------+-------------------------------------------------------------------+---------+


+------------------------------------------------------------+
; Analysis & Synthesis Resource Usage Summary                ;
+---------------------------------------------+--------------+
; Resource                                    ; Usage        ;
+---------------------------------------------+--------------+
; Estimated Total logic elements              ; 32           ;
;                                             ;              ;
; Total combinational functions               ; 32           ;
; Logic element usage by number of LUT inputs ;              ;
;     -- 4 input functions                    ; 8            ;
;     -- 3 input functions                    ; 4            ;
;     -- <=2 input functions                  ; 20           ;
;                                             ;              ;
; Logic elements by mode                      ;              ;
;     -- normal mode                          ; 15           ;
;     -- arithmetic mode                      ; 17           ;
;                                             ;              ;
; Total registers                             ; 22           ;
;     -- Dedicated logic registers            ; 22           ;
;     -- I/O registers                        ; 0            ;
;                                             ;              ;
; I/O pins                                    ; 45           ;
;                                             ;              ;
; Embedded Multiplier 9-bit elements          ; 0            ;
;                                             ;              ;
; Maximum fan-out node                        ; SWITCH~input ;
; Maximum fan-out                             ; 26           ;
; Total fan-out                               ; 216          ;
; Average fan-out                             ; 1.50         ;
+---------------------------------------------+--------------+


+-----------------------------------------------------------------------------------------------------------------------------------------------------------------------------------------------------------------------------------------+
; Analysis & Synthesis Resource Utilization by Entity                                                                                                                                                                                     ;
+----------------------------+---------------------+---------------------------+-------------+------------+--------------+---------+-----------+------+--------------+------------+--------------------------+-------------+--------------+
; Compilation Hierarchy Node ; Combinational ALUTs ; Dedicated Logic Registers ; Memory Bits ; UFM Blocks ; DSP Elements ; DSP 9x9 ; DSP 18x18 ; Pins ; Virtual Pins ; ADC blocks ; Full Hierarchy Name      ; Entity Name ; Library Name ;
+----------------------------+---------------------+---------------------------+-------------+------------+--------------+---------+-----------+------+--------------+------------+--------------------------+-------------+--------------+
; |boxingday                 ; 32 (0)              ; 22 (0)                    ; 0           ; 0          ; 0            ; 0       ; 0         ; 45   ; 0            ; 0          ; |boxingday               ; boxingday   ; work         ;
;    |freqdiv:inst|          ; 13 (13)             ; 10 (10)                   ; 0           ; 0          ; 0            ; 0       ; 0         ; 0    ; 0            ; 0          ; |boxingday|freqdiv:inst  ; freqdiv     ; work         ;
;    |mux21:inst4|           ; 1 (1)               ; 0 (0)                     ; 0           ; 0          ; 0            ; 0       ; 0         ; 0    ; 0            ; 0          ; |boxingday|mux21:inst4   ; mux21       ; work         ;
;    |pwmbox1:inst3|         ; 18 (18)             ; 12 (12)                   ; 0           ; 0          ; 0            ; 0       ; 0         ; 0    ; 0            ; 0          ; |boxingday|pwmbox1:inst3 ; pwmbox1     ; work         ;
+----------------------------+---------------------+---------------------------+-------------+------------+--------------+---------+-----------+------+--------------+------------+--------------------------+-------------+--------------+
Note: For table entries with two numbers listed, the numbers in parentheses indicate the number of resources of the given type used by the specific entity alone. The numbers listed outside of parentheses indicate the total resources of the given type used by the specific entity and all of its sub-entities in the hierarchy.


+------------------------------------------------------+
; General Register Statistics                          ;
+----------------------------------------------+-------+
; Statistic                                    ; Value ;
+----------------------------------------------+-------+
; Total registers                              ; 22    ;
; Number of registers using Synchronous Clear  ; 19    ;
; Number of registers using Synchronous Load   ; 0     ;
; Number of registers using Asynchronous Clear ; 0     ;
; Number of registers using Asynchronous Load  ; 0     ;
; Number of registers using Clock Enable       ; 0     ;
; Number of registers using Preset             ; 0     ;
+----------------------------------------------+-------+


+-----------------------------------------------------+
; Post-Synthesis Netlist Statistics for Top Partition ;
+-----------------------+-----------------------------+
; Type                  ; Count                       ;
+-----------------------+-----------------------------+
; boundary_port         ; 45                          ;
; cycloneiii_ff         ; 22                          ;
;     SCLR              ; 19                          ;
;     plain             ; 3                           ;
; cycloneiii_lcell_comb ; 35                          ;
;     arith             ; 17                          ;
;         2 data inputs ; 17                          ;
;     normal            ; 18                          ;
;         0 data inputs ; 2                           ;
;         1 data inputs ; 3                           ;
;         2 data inputs ; 1                           ;
;         3 data inputs ; 4                           ;
;         4 data inputs ; 8                           ;
;                       ;                             ;
; Max LUT depth         ; 2.00                        ;
; Average LUT depth     ; 1.66                        ;
+-----------------------+-----------------------------+


+-------------------------------+
; Elapsed Time Per Partition    ;
+----------------+--------------+
; Partition Name ; Elapsed Time ;
+----------------+--------------+
; Top            ; 00:00:00     ;
+----------------+--------------+


+-------------------------------+
; Analysis & Synthesis Messages ;
+-------------------------------+
Info: *******************************************************************
Info: Running Quartus Prime Analysis & Synthesis
    Info: Version 23.1std.0 Build 991 11/28/2023 SC Lite Edition
    Info: Processing started: Mon Aug 26 00:53:11 2024
Info: Command: quartus_map --read_settings_files=on --write_settings_files=off boxingday -c boxingday
Warning (18236): Number of processors has not been specified which may cause overloading on shared machines.  Set the global assignment NUM_PARALLEL_PROCESSORS in your QSF to an appropriate value for best performance.
Info (20030): Parallel compilation is enabled and will use 14 of the 14 processors detected
Warning (12090): Entity "freqdiv" obtained from "freq1.v" instead of from Quartus Prime megafunction library File: /home/onm/intelFPGA_lite/23.1std/Whatsinthebox/freq1.v Line: 3
Info (12021): Found 1 design units, including 1 entities, in source file freq1.v
    Info (12023): Found entity 1: freqdiv File: /home/onm/intelFPGA_lite/23.1std/Whatsinthebox/freq1.v Line: 3
Info (12021): Found 1 design units, including 1 entities, in source file boxingday.bdf
    Info (12023): Found entity 1: boxingday
Info (12021): Found 1 design units, including 1 entities, in source file pwmverilog.v
    Info (12023): Found entity 1: pwmbox1 File: /home/onm/intelFPGA_lite/23.1std/Whatsinthebox/pwmverilog.v Line: 8
Info (12021): Found 1 design units, including 1 entities, in source file MUXverilog.v
    Info (12023): Found entity 1: mux21 File: /home/onm/intelFPGA_lite/23.1std/Whatsinthebox/MUXverilog.v Line: 5
Warning (10463): Verilog HDL Declaration warning at sequence1.v(12): "sequence" is SystemVerilog-2005 keyword File: /home/onm/intelFPGA_lite/23.1std/Whatsinthebox/sequence1.v Line: 12
Info (12021): Found 1 design units, including 1 entities, in source file sequence1.v
    Info (12023): Found entity 1: servo_sequence1 File: /home/onm/intelFPGA_lite/23.1std/Whatsinthebox/sequence1.v Line: 7
Info (12021): Found 1 design units, including 1 entities, in source file sevensegmentdisp.v
    Info (12023): Found entity 1: sevensegmentdisp File: /home/onm/intelFPGA_lite/23.1std/Whatsinthebox/sevensegmentdisp.v Line: 3
Info (12127): Elaborating entity "boxingday" for the top level hierarchy
Warning (275080): Converted elements in bus name "s0" using legacy naming rules. Make any assignments on the new names, not on the original names.
    Warning (275081): Converted element name(s) from "s0[6..0]" to "s06..0"
    Warning (275081): Converted element name(s) from "s0[6]" to "s06"
    Warning (275081): Converted element name(s) from "s0[5]" to "s05"
    Warning (275081): Converted element name(s) from "s0[4]" to "s04"
    Warning (275081): Converted element name(s) from "s0[3]" to "s03"
    Warning (275081): Converted element name(s) from "s0[2]" to "s02"
    Warning (275081): Converted element name(s) from "s0[1]" to "s01"
    Warning (275081): Converted element name(s) from "s0[0]" to "s00"
Warning (275080): Converted elements in bus name "s1" using legacy naming rules. Make any assignments on the new names, not on the original names.
    Warning (275081): Converted element name(s) from "s1[6..0]" to "s16..0"
    Warning (275081): Converted element name(s) from "s1[6]" to "s16"
    Warning (275081): Converted element name(s) from "s1[5]" to "s15"
    Warning (275081): Converted element name(s) from "s1[4]" to "s14"
    Warning (275081): Converted element name(s) from "s1[3]" to "s13"
    Warning (275081): Converted element name(s) from "s1[2]" to "s12"
    Warning (275081): Converted element name(s) from "s1[1]" to "s11"
    Warning (275081): Converted element name(s) from "s1[0]" to "s10"
Warning (275080): Converted elements in bus name "s2" using legacy naming rules. Make any assignments on the new names, not on the original names.
    Warning (275081): Converted element name(s) from "s2[6..0]" to "s26..0"
    Warning (275081): Converted element name(s) from "s2[6]" to "s26"
    Warning (275081): Converted element name(s) from "s2[5]" to "s25"
    Warning (275081): Converted element name(s) from "s2[1]" to "s21"
    Warning (275081): Converted element name(s) from "s2[0]" to "s20"
    Warning (275081): Converted element name(s) from "s2[4]" to "s24"
    Warning (275081): Converted element name(s) from "s2[3]" to "s23"
    Warning (275081): Converted element name(s) from "s2[2]" to "s22"
Warning (275080): Converted elements in bus name "s3" using legacy naming rules. Make any assignments on the new names, not on the original names.
    Warning (275081): Converted element name(s) from "s3[6..0]" to "s36..0"
    Warning (275081): Converted element name(s) from "s3[6]" to "s36"
    Warning (275081): Converted element name(s) from "s3[5]" to "s35"
    Warning (275081): Converted element name(s) from "s3[4]" to "s34"
    Warning (275081): Converted element name(s) from "s3[3]" to "s33"
    Warning (275081): Converted element name(s) from "s3[2]" to "s32"
    Warning (275081): Converted element name(s) from "s3[1]" to "s31"
    Warning (275081): Converted element name(s) from "s3[0]" to "s30"
Warning (275080): Converted elements in bus name "s4" using legacy naming rules. Make any assignments on the new names, not on the original names.
    Warning (275081): Converted element name(s) from "s4[6..0]" to "s46..0"
    Warning (275081): Converted element name(s) from "s4[6]" to "s46"
    Warning (275081): Converted element name(s) from "s4[5]" to "s45"
    Warning (275081): Converted element name(s) from "s4[4]" to "s44"
    Warning (275081): Converted element name(s) from "s4[3]" to "s43"
    Warning (275081): Converted element name(s) from "s4[2]" to "s42"
    Warning (275081): Converted element name(s) from "s4[1]" to "s41"
    Warning (275081): Converted element name(s) from "s4[0]" to "s40"
Warning (275080): Converted elements in bus name "s5" using legacy naming rules. Make any assignments on the new names, not on the original names.
    Warning (275081): Converted element name(s) from "s5[6..0]" to "s56..0"
    Warning (275081): Converted element name(s) from "s5[6]" to "s56"
    Warning (275081): Converted element name(s) from "s5[5]" to "s55"
    Warning (275081): Converted element name(s) from "s5[4]" to "s54"
    Warning (275081): Converted element name(s) from "s5[3]" to "s53"
    Warning (275081): Converted element name(s) from "s5[2]" to "s52"
    Warning (275081): Converted element name(s) from "s5[1]" to "s51"
    Warning (275081): Converted element name(s) from "s5[0]" to "s50"
Info (12128): Elaborating entity "mux21" for hierarchy "mux21:inst4"
Info (12128): Elaborating entity "pwmbox1" for hierarchy "pwmbox1:inst3"
Warning (10230): Verilog HDL assignment warning at pwmverilog.v(16): truncated value with size 32 to match size of target (10) File: /home/onm/intelFPGA_lite/23.1std/Whatsinthebox/pwmverilog.v Line: 16
Info (12128): Elaborating entity "freqdiv" for hierarchy "freqdiv:inst"
Warning (10230): Verilog HDL assignment warning at freq1.v(10): truncated value with size 32 to match size of target (9) File: /home/onm/intelFPGA_lite/23.1std/Whatsinthebox/freq1.v Line: 10
Info (12128): Elaborating entity "sevensegmentdisp" for hierarchy "sevensegmentdisp:inst1"
Warning (13024): Output pins are stuck at VCC or GND
    Warning (13410): Pin "S06" is stuck at VCC
    Warning (13410): Pin "S16" is stuck at VCC
    Warning (13410): Pin "S26" is stuck at GND
    Warning (13410): Pin "S25" is stuck at GND
    Warning (13410): Pin "S23" is stuck at VCC
    Warning (13410): Pin "S21" is stuck at GND
    Warning (13410): Pin "S20" is stuck at GND
    Warning (13410): Pin "S46" is stuck at GND
    Warning (13410): Pin "S45" is stuck at GND
    Warning (13410): Pin "S44" is stuck at GND
    Warning (13410): Pin "S36" is stuck at VCC
    Warning (13410): Pin "S35" is stuck at GND
    Warning (13410): Pin "S34" is stuck at GND
    Warning (13410): Pin "S33" is stuck at GND
    Warning (13410): Pin "S56" is stuck at GND
    Warning (13410): Pin "S55" is stuck at GND
    Warning (13410): Pin "S52" is stuck at GND
Info (286030): Timing-Driven Synthesis is running
Info (16010): Generating hard_block partition "hard_block:auto_generated_inst"
    Info (16011): Adding 0 node(s), including 0 DDIO, 0 PLL, 0 transceiver and 0 LCELL
Info (21057): Implemented 77 device resources after synthesis - the final resource count might be different
    Info (21058): Implemented 2 input pins
    Info (21059): Implemented 43 output pins
    Info (21061): Implemented 32 logic cells
Info: Quartus Prime Analysis & Synthesis was successful. 0 errors, 77 warnings
    Info: Peak virtual memory: 475 megabytes
    Info: Processing ended: Mon Aug 26 00:53:16 2024
    Info: Elapsed time: 00:00:05
    Info: Total CPU time (on all processors): 00:00:15


